This is XeTeX, Version 3.14159265-2.6-0.999992 (MiKTeX 2.9.7400 64-bit) (preloaded format=xelatex 2020.6.27)  5 AUG 2020 15:00
entering extended mode
**C:/Users/Mike/Documents/Git/released/bezierinfo-2/images/latex/source/0ee04e4
056391f945c1c21c1174a03b5.tex

(C:/Users/Mike/Documents/Git/released/bezierinfo-2/images/latex/source/0ee04e40
56391f945c1c21c1174a03b5.tex
LaTeX2e <2020-02-02> patch level 5
L3 programming layer <2020-04-06>
("C:\Users\Mike\AppData\Local\Programs\MiKTeX 2.9\tex/latex/base\article.cls"
Document Class: article 2019/12/20 v1.4l Standard LaTeX document class
("C:\Users\Mike\AppData\Local\Programs\MiKTeX 2.9\tex/latex/base\size12.clo"
File: size12.clo 2019/12/20 v1.4l Standard LaTeX file (size option)
)
\c@part=\count163
\c@section=\count164
\c@subsection=\count165
\c@subsubsection=\count166
\c@paragraph=\count167
\c@subparagraph=\count168
\c@figure=\count169
\c@table=\count170
\abovecaptionskip=\skip47
\belowcaptionskip=\skip48
\bibindent=\dimen134
)
("C:\Users\Mike\AppData\Local\Programs\MiKTeX 2.9\tex/latex/geometry\geometry.s
ty"
Package: geometry 2020/01/02 v5.9 Page Geometry

("C:\Users\Mike\AppData\Local\Programs\MiKTeX 2.9\tex/latex/graphics\keyval.sty
"
Package: keyval 2014/10/28 v1.15 key=value parser (DPC)
\KV@toks@=\toks15
)
("C:\Users\Mike\AppData\Local\Programs\MiKTeX 2.9\tex/generic/iftex\ifvtex.sty"
Package: ifvtex 2019/10/25 v1.7 ifvtex legacy package. Use iftex instead.
("C:\Users\Mike\AppData\Local\Programs\MiKTeX 2.9\tex/generic/iftex\iftex.sty"
Package: iftex 2020/03/06 v1.0d TeX engine tests
))
\Gm@cnth=\count171
\Gm@cntv=\count172
\c@Gm@tempcnt=\count173
\Gm@bindingoffset=\dimen135
\Gm@wd@mp=\dimen136
\Gm@odd@mp=\dimen137
\Gm@even@mp=\dimen138
\Gm@layoutwidth=\dimen139
\Gm@layoutheight=\dimen140
\Gm@layouthoffset=\dimen141
\Gm@layoutvoffset=\dimen142
\Gm@dimlist=\toks16

("C:\Users\Mike\AppData\Local\Programs\MiKTeX 2.9\tex/xelatex/xetexconfig\geome
try.cfg"))
("C:\Users\Mike\AppData\Local\Programs\MiKTeX 2.9\tex/latex/graphics\color.sty"
Package: color 2019/11/23 v1.2a Standard LaTeX Color (DPC)

("C:\Users\Mike\AppData\Local\Programs\MiKTeX 2.9\tex/latex/graphics-cfg\color.
cfg"
File: color.cfg 2016/01/02 v1.6 sample color configuration
)
Package color Info: Driver file: xetex.def on input line 147.

("C:\Users\Mike\AppData\Local\Programs\MiKTeX 2.9\tex/latex/graphics-def\xetex.
def"
File: xetex.def 2017/06/24 v5.0h Graphics/color driver for xetex
))
("C:\Users\Mike\AppData\Local\Programs\MiKTeX 2.9\tex/latex/amsmath\amsmath.sty
"
Package: amsmath 2020/01/20 v2.17e AMS math features
\@mathmargin=\skip49

For additional information on amsmath, use the `?' option.
("C:\Users\Mike\AppData\Local\Programs\MiKTeX 2.9\tex/latex/amsmath\amstext.sty
"
Package: amstext 2000/06/29 v2.01 AMS text
 ("C:\Users\Mike\AppData\Local\Programs\MiKTeX 2.9\tex/latex/amsmath\amsgen.sty
"
File: amsgen.sty 1999/11/30 v2.0 generic functions
\@emptytoks=\toks17
\ex@=\dimen143
))
("C:\Users\Mike\AppData\Local\Programs\MiKTeX 2.9\tex/latex/amsmath\amsbsy.sty"
Package: amsbsy 1999/11/29 v1.2d Bold Symbols
\pmbraise@=\dimen144
) ("C:\Users\Mike\AppData\Local\Programs\MiKTeX 2.9\tex/latex/amsmath\amsopn.st
y"
Package: amsopn 2016/03/08 v2.02 operator names
)
\inf@bad=\count174
LaTeX Info: Redefining \frac on input line 227.
\uproot@=\count175
\leftroot@=\count176
LaTeX Info: Redefining \overline on input line 389.
\classnum@=\count177
\DOTSCASE@=\count178
LaTeX Info: Redefining \ldots on input line 486.
LaTeX Info: Redefining \dots on input line 489.
LaTeX Info: Redefining \cdots on input line 610.
\Mathstrutbox@=\box45
\strutbox@=\box46
\big@size=\dimen145
LaTeX Font Info:    Redeclaring font encoding OML on input line 733.
LaTeX Font Info:    Redeclaring font encoding OMS on input line 734.
\macc@depth=\count179
\c@MaxMatrixCols=\count180
\dotsspace@=\muskip16
\c@parentequation=\count181
\dspbrk@lvl=\count182
\tag@help=\toks18
\row@=\count183
\column@=\count184
\maxfields@=\count185
\andhelp@=\toks19
\eqnshift@=\dimen146
\alignsep@=\dimen147
\tagshift@=\dimen148
\tagwidth@=\dimen149
\totwidth@=\dimen150
\lineht@=\dimen151
\@envbody=\toks20
\multlinegap=\skip50
\multlinetaggap=\skip51
\mathdisplay@stack=\toks21
LaTeX Info: Redefining \[ on input line 2859.
LaTeX Info: Redefining \] on input line 2860.
)
("C:\Users\Mike\AppData\Local\Programs\MiKTeX 2.9\tex/latex/unicode-math\unicod
e-math.sty"
("C:\Users\Mike\AppData\Local\Programs\MiKTeX 2.9\tex/latex/l3kernel\expl3.sty"
Package: expl3 2020-04-06 L3 programming layer (loader) 

("C:\Users\Mike\AppData\Local\Programs\MiKTeX 2.9\tex/latex/l3backend\l3backend
-xdvipdfmx.def"
File: l3backend-xdvipdfmx.def 2020-03-12 L3 backend support: xdvipdfmx
\g__graphics_track_int=\count186
\l__pdf_internal_box=\box47
\g__pdf_backend_object_int=\count187
\g__pdf_backend_annotation_int=\count188
))
Package: unicode-math 2020/01/31 v0.8q Unicode maths in XeLaTeX and LuaLaTeX

("C:\Users\Mike\AppData\Local\Programs\MiKTeX 2.9\tex/latex/unicode-math\unicod
e-math-xetex.sty"
Package: unicode-math-xetex 2020/01/31 v0.8q Unicode maths in XeLaTeX and LuaLa
TeX

("C:\Users\Mike\AppData\Local\Programs\MiKTeX 2.9\tex/latex/l3packages/xparse\x
parse.sty"
Package: xparse 2020-03-06 L3 Experimental document command parser
\l__xparse_current_arg_int=\count189
\g__xparse_grabber_int=\count190
\l__xparse_m_args_int=\count191
\l__xparse_v_nesting_int=\count192
)
("C:\Users\Mike\AppData\Local\Programs\MiKTeX 2.9\tex/latex/l3packages/l3keys2e
\l3keys2e.sty"
Package: l3keys2e 2020-03-06 LaTeX2e option processing using LaTeX3 keys
)
("C:\Users\Mike\AppData\Local\Programs\MiKTeX 2.9\tex/latex/fontspec\fontspec.s
ty"
Package: fontspec 2020/02/21 v2.7i Font selection for XeLaTeX and LuaLaTeX

("C:\Users\Mike\AppData\Local\Programs\MiKTeX 2.9\tex/latex/fontspec\fontspec-x
etex.sty"
Package: fontspec-xetex 2020/02/21 v2.7i Font selection for XeLaTeX and LuaLaTe
X
\l__fontspec_script_int=\count193
\l__fontspec_language_int=\count194
\l__fontspec_strnum_int=\count195
\l__fontspec_tmp_int=\count196
\l__fontspec_tmpa_int=\count197
\l__fontspec_tmpb_int=\count198
\l__fontspec_tmpc_int=\count199
\l__fontspec_em_int=\count266
\l__fontspec_emdef_int=\count267
\l__fontspec_strong_int=\count268
\l__fontspec_strongdef_int=\count269
\l__fontspec_tmpa_dim=\dimen152
\l__fontspec_tmpb_dim=\dimen153
\l__fontspec_tmpc_dim=\dimen154

("C:\Users\Mike\AppData\Local\Programs\MiKTeX 2.9\tex/latex/base\fontenc.sty"
Package: fontenc 2020/02/11 v2.0o Standard LaTeX package
)
("C:\Users\Mike\AppData\Local\Programs\MiKTeX 2.9\tex/latex/fontspec\fontspec.c
fg")))
("C:\Users\Mike\AppData\Local\Programs\MiKTeX 2.9\tex/latex/base\fix-cm.sty"
Package: fix-cm 2015/01/14 v1.1t fixes to LaTeX

("C:\Users\Mike\AppData\Local\Programs\MiKTeX 2.9\tex/latex/base\ts1enc.def"
File: ts1enc.def 2001/06/05 v3.0e (jk/car/fm) Standard LaTeX file
LaTeX Font Info:    Redeclaring font encoding TS1 on input line 47.
))
\g__um_fam_int=\count270
\g__um_fonts_used_int=\count271
\l__um_primecount_int=\count272
\g__um_primekern_muskip=\muskip17

("C:\Users\Mike\AppData\Local\Programs\MiKTeX 2.9\tex/latex/unicode-math\unicod
e-math-table.tex")))

Package fontspec Info: Font family 'TeXGyrePagella(0)' created for font 'TeX
(fontspec)             Gyre Pagella' with options
(fontspec)             [Ligatures=TeX,Ligatures=TeX].
(fontspec)              
(fontspec)              This font family consists of the following NFSS
(fontspec)             series/shapes:
(fontspec)              
(fontspec)             - 'normal' (m/n) with NFSS spec.: <->"TeX Gyre
(fontspec)             Pagella/OT:script=latn;language=dflt;mapping=tex-text;"
(fontspec)             - 'small caps'  (m/sc) with NFSS spec.: <->"TeX Gyre
(fontspec)             Pagella/OT:script=latn;language=dflt;+smcp;mapping=tex-t
ext;"
(fontspec)             - 'bold' (b/n) with NFSS spec.: <->"TeX Gyre
(fontspec)             Pagella/B/OT:script=latn;language=dflt;mapping=tex-text;
"
(fontspec)             - 'bold small caps'  (b/sc) with NFSS spec.: <->"TeX
(fontspec)             Gyre
(fontspec)             Pagella/B/OT:script=latn;language=dflt;+smcp;mapping=tex
-text;"
(fontspec)             - 'italic' (m/it) with NFSS spec.: <->"TeX Gyre
(fontspec)             Pagella/I/OT:script=latn;language=dflt;mapping=tex-text;
"
(fontspec)             - 'italic small caps'  (m/scit) with NFSS spec.:
(fontspec)             <->"TeX Gyre
(fontspec)             Pagella/I/OT:script=latn;language=dflt;+smcp;mapping=tex
-text;"
(fontspec)             - 'bold italic' (b/it) with NFSS spec.: <->"TeX Gyre
(fontspec)             Pagella/BI/OT:script=latn;language=dflt;mapping=tex-text
;"
(fontspec)             - 'bold italic small caps'  (b/scit) with NFSS spec.:
(fontspec)             <->"TeX Gyre
(fontspec)             Pagella/BI/OT:script=latn;language=dflt;+smcp;mapping=te
x-text;"


Package fontspec Info: Font family 'TeXGyrePagella(1)' created for font 'TeX
(fontspec)             Gyre Pagella' with options [Ligatures=TeX].
(fontspec)              
(fontspec)              This font family consists of the following NFSS
(fontspec)             series/shapes:
(fontspec)              
(fontspec)             - 'normal' (m/n) with NFSS spec.: <->"TeX Gyre
(fontspec)             Pagella/OT:script=latn;language=dflt;mapping=tex-text;"
(fontspec)             - 'small caps'  (m/sc) with NFSS spec.: <->"TeX Gyre
(fontspec)             Pagella/OT:script=latn;language=dflt;+smcp;mapping=tex-t
ext;"
(fontspec)             - 'bold' (b/n) with NFSS spec.: <->"TeX Gyre
(fontspec)             Pagella/B/OT:script=latn;language=dflt;mapping=tex-text;
"
(fontspec)             - 'bold small caps'  (b/sc) with NFSS spec.: <->"TeX
(fontspec)             Gyre
(fontspec)             Pagella/B/OT:script=latn;language=dflt;+smcp;mapping=tex
-text;"
(fontspec)             - 'italic' (m/it) with NFSS spec.: <->"TeX Gyre
(fontspec)             Pagella/I/OT:script=latn;language=dflt;mapping=tex-text;
"
(fontspec)             - 'italic small caps'  (m/scit) with NFSS spec.:
(fontspec)             <->"TeX Gyre
(fontspec)             Pagella/I/OT:script=latn;language=dflt;+smcp;mapping=tex
-text;"
(fontspec)             - 'bold italic' (b/it) with NFSS spec.: <->"TeX Gyre
(fontspec)             Pagella/BI/OT:script=latn;language=dflt;mapping=tex-text
;"
(fontspec)             - 'bold italic small caps'  (b/scit) with NFSS spec.:
(fontspec)             <->"TeX Gyre
(fontspec)             Pagella/BI/OT:script=latn;language=dflt;+smcp;mapping=te
x-text;"

LaTeX Font Info:    Overwriting math alphabet `\mathrm' in version `normal'
(Font)                  OT1/cmr/m/n --> TU/TeXGyrePagella(1)/m/n on input line 
8.
LaTeX Font Info:    Overwriting math alphabet `\mathit' in version `normal'
(Font)                  OT1/cmr/m/it --> TU/TeXGyrePagella(1)/m/it on input lin
e 8.
LaTeX Font Info:    Overwriting math alphabet `\mathbf' in version `normal'
(Font)                  OT1/cmr/bx/n --> TU/TeXGyrePagella(1)/b/n on input line
 8.

Package fontspec Info: Could not resolve font "TeX Gyre Pagella Math/B" (it
(fontspec)             probably doesn't exist).


Package fontspec Info: Font family 'TeXGyrePagellaMath(0)' created for font
(fontspec)             'TeX Gyre Pagella Math' with options
(fontspec)             [BoldItalicFont={},ItalicFont={},SmallCapsFont={},Script
=Math].
(fontspec)              
(fontspec)              This font family consists of the following NFSS
(fontspec)             series/shapes:
(fontspec)              
(fontspec)             - 'normal' (m/n) with NFSS spec.: <->"TeX Gyre Pagella
(fontspec)             Math/OT:script=math;language=dflt;"
(fontspec)             - 'small caps'  (m/sc) with NFSS spec.: 


Package fontspec Info: Could not resolve font "TeX Gyre Pagella Math/B" (it
(fontspec)             probably doesn't exist).


Package fontspec Info: Font family 'TeXGyrePagellaMath(1)' created for font
(fontspec)             'TeX Gyre Pagella Math' with options
(fontspec)             [BoldItalicFont={},ItalicFont={},SmallCapsFont={},Script
=Math,SizeFeatures={{Size=10.44-},{Size=7.74-10.44,Font=TeX
(fontspec)             Gyre Pagella
(fontspec)             Math,Style=MathScript},{Size=-7.74,Font=TeX Gyre
(fontspec)             Pagella Math,Style=MathScriptScript}}].
(fontspec)              
(fontspec)              This font family consists of the following NFSS
(fontspec)             series/shapes:
(fontspec)              
(fontspec)             - 'normal' (m/n) with NFSS spec.: <10.44->"TeX Gyre
(fontspec)             Pagella
(fontspec)             Math/OT:script=math;language=dflt;"<7.74-10.44>"TeX
(fontspec)             Gyre Pagella
(fontspec)             Math/OT:script=math;language=dflt;+ssty=0;"<-7.74>"TeX
(fontspec)             Gyre Pagella
(fontspec)             Math/OT:script=math;language=dflt;+ssty=1;"
(fontspec)             - 'small caps'  (m/sc) with NFSS spec.: 

LaTeX Font Info:    Encoding `OT1' has changed to `TU' for symbol font
(Font)              `operators' in the math version `normal' on input line 9.
LaTeX Font Info:    Overwriting symbol font `operators' in version `normal'
(Font)                  OT1/cmr/m/n --> TU/TeXGyrePagellaMath(1)/m/n on input l
ine 9.
LaTeX Font Info:    Encoding `OT1' has changed to `TU' for symbol font
(Font)              `operators' in the math version `bold' on input line 9.
LaTeX Font Info:    Overwriting symbol font `operators' in version `bold'
(Font)                  OT1/cmr/bx/n --> TU/TeXGyrePagellaMath(1)/b/n on input 
line 9.

Package fontspec Info: TeX Gyre Pagella Math scale = 1.0001.


Package fontspec Info: Could not resolve font "TeX Gyre Pagella Math/B" (it
(fontspec)             probably doesn't exist).


Package fontspec Info: TeX Gyre Pagella Math scale = 1.0001.


Package fontspec Info: TeX Gyre Pagella Math scale = 1.0001.


Package fontspec Info: TeX Gyre Pagella Math scale = 1.0001.


Package fontspec Info: Font family 'TeXGyrePagellaMath(2)' created for font
(fontspec)             'TeX Gyre Pagella Math' with options
(fontspec)             [BoldItalicFont={},ItalicFont={},SmallCapsFont={},Script
=Math,SizeFeatures={{Size=10.44-},{Size=7.74-10.44,Font=TeX
(fontspec)             Gyre Pagella
(fontspec)             Math,Style=MathScript},{Size=-7.74,Font=TeX Gyre
(fontspec)             Pagella
(fontspec)             Math,Style=MathScriptScript}},ScaleAgain=1.0001,FontAdju
stment={\fontdimen
(fontspec)             8\font =8.64pt\relax \fontdimen 9\font =5.628pt\relax
(fontspec)             \fontdimen 10\font =5.628pt\relax \fontdimen 11\font
(fontspec)             =7.992pt\relax \fontdimen 12\font =3.732pt\relax
(fontspec)             \fontdimen 13\font =4.248pt\relax \fontdimen 14\font
(fontspec)             =4.248pt\relax \fontdimen 15\font =3.552pt\relax
(fontspec)             \fontdimen 16\font =2.784pt\relax \fontdimen 17\font
(fontspec)             =2.784pt\relax \fontdimen 18\font =2.784pt\relax
(fontspec)             \fontdimen 19\font =1.392pt\relax \fontdimen 22\font
(fontspec)             =3.0pt\relax \fontdimen 20\font =0pt\relax \fontdimen
(fontspec)             21\font =0pt\relax }].
(fontspec)              
(fontspec)              This font family consists of the following NFSS
(fontspec)             series/shapes:
(fontspec)              
(fontspec)             - 'normal' (m/n) with NFSS spec.:
(fontspec)             <10.44->s*[1.0001]"TeX Gyre Pagella
(fontspec)             Math/OT:script=math;language=dflt;"<7.74-10.44>s*[1.0001
]"TeX
(fontspec)             Gyre Pagella
(fontspec)             Math/OT:script=math;language=dflt;+ssty=0;"<-7.74>s*[1.0
001]"TeX
(fontspec)             Gyre Pagella
(fontspec)             Math/OT:script=math;language=dflt;+ssty=1;"
(fontspec)             - 'small caps'  (m/sc) with NFSS spec.: 
(fontspec)             and font adjustment code:
(fontspec)             \fontdimen 8\font =8.64pt\relax \fontdimen 9\font
(fontspec)             =5.628pt\relax \fontdimen 10\font =5.628pt\relax
(fontspec)             \fontdimen 11\font =7.992pt\relax \fontdimen 12\font
(fontspec)             =3.732pt\relax \fontdimen 13\font =4.248pt\relax
(fontspec)             \fontdimen 14\font =4.248pt\relax \fontdimen 15\font
(fontspec)             =3.552pt\relax \fontdimen 16\font =2.784pt\relax
(fontspec)             \fontdimen 17\font =2.784pt\relax \fontdimen 18\font
(fontspec)             =2.784pt\relax \fontdimen 19\font =1.392pt\relax
(fontspec)             \fontdimen 22\font =3.0pt\relax \fontdimen 20\font
(fontspec)             =0pt\relax \fontdimen 21\font =0pt\relax 

LaTeX Font Info:    Encoding `OMS' has changed to `TU' for symbol font
(Font)              `symbols' in the math version `normal' on input line 9.
LaTeX Font Info:    Overwriting symbol font `symbols' in version `normal'
(Font)                  OMS/cmsy/m/n --> TU/TeXGyrePagellaMath(2)/m/n on input 
line 9.
LaTeX Font Info:    Encoding `OMS' has changed to `TU' for symbol font
(Font)              `symbols' in the math version `bold' on input line 9.
LaTeX Font Info:    Overwriting symbol font `symbols' in version `bold'
(Font)                  OMS/cmsy/b/n --> TU/TeXGyrePagellaMath(2)/b/n on input 
line 9.

Package fontspec Info: TeX Gyre Pagella Math scale = 0.9999.


Package fontspec Info: Could not resolve font "TeX Gyre Pagella Math/B" (it
(fontspec)             probably doesn't exist).


Package fontspec Info: TeX Gyre Pagella Math scale = 0.9999.


Package fontspec Info: TeX Gyre Pagella Math scale = 0.9999.


Package fontspec Info: TeX Gyre Pagella Math scale = 0.9999.


Package fontspec Info: Font family 'TeXGyrePagellaMath(3)' created for font
(fontspec)             'TeX Gyre Pagella Math' with options
(fontspec)             [BoldItalicFont={},ItalicFont={},SmallCapsFont={},Script
=Math,SizeFeatures={{Size=10.44-},{Size=7.74-10.44,Font=TeX
(fontspec)             Gyre Pagella
(fontspec)             Math,Style=MathScript},{Size=-7.74,Font=TeX Gyre
(fontspec)             Pagella
(fontspec)             Math,Style=MathScriptScript}},ScaleAgain=0.9999,FontAdju
stment={\fontdimen
(fontspec)             8\font =0.72pt\relax \fontdimen 9\font =1.44pt\relax
(fontspec)             \fontdimen 10\font =1.44pt\relax \fontdimen 11\font
(fontspec)             =1.44pt\relax \fontdimen 12\font =5.616pt\relax
(fontspec)             \fontdimen 13\font =0pt\relax }].
(fontspec)              
(fontspec)              This font family consists of the following NFSS
(fontspec)             series/shapes:
(fontspec)              
(fontspec)             - 'normal' (m/n) with NFSS spec.:
(fontspec)             <10.44->s*[0.9999]"TeX Gyre Pagella
(fontspec)             Math/OT:script=math;language=dflt;"<7.74-10.44>s*[0.9999
]"TeX
(fontspec)             Gyre Pagella
(fontspec)             Math/OT:script=math;language=dflt;+ssty=0;"<-7.74>s*[0.9
999]"TeX
(fontspec)             Gyre Pagella
(fontspec)             Math/OT:script=math;language=dflt;+ssty=1;"
(fontspec)             - 'small caps'  (m/sc) with NFSS spec.: 
(fontspec)             and font adjustment code:
(fontspec)             \fontdimen 8\font =0.72pt\relax \fontdimen 9\font
(fontspec)             =1.44pt\relax \fontdimen 10\font =1.44pt\relax
(fontspec)             \fontdimen 11\font =1.44pt\relax \fontdimen 12\font
(fontspec)             =5.616pt\relax \fontdimen 13\font =0pt\relax 

LaTeX Font Info:    Encoding `OMX' has changed to `TU' for symbol font
(Font)              `largesymbols' in the math version `normal' on input line 9
.
LaTeX Font Info:    Overwriting symbol font `largesymbols' in version `normal'
(Font)                  OMX/cmex/m/n --> TU/TeXGyrePagellaMath(3)/m/n on input 
line 9.
LaTeX Font Info:    Encoding `OMX' has changed to `TU' for symbol font
(Font)              `largesymbols' in the math version `bold' on input line 9.
LaTeX Font Info:    Overwriting symbol font `largesymbols' in version `bold'
(Font)                  OMX/cmex/m/n --> TU/TeXGyrePagellaMath(3)/b/n on input 
line 9.

No file 0ee04e4056391f945c1c21c1174a03b5.aux.
\openout1 = `0ee04e4056391f945c1c21c1174a03b5.aux'.

LaTeX Font Info:    Checking defaults for OML/cmm/m/it on input line 9.
LaTeX Font Info:    ... okay on input line 9.
LaTeX Font Info:    Checking defaults for OMS/cmsy/m/n on input line 9.
LaTeX Font Info:    ... okay on input line 9.
LaTeX Font Info:    Checking defaults for OT1/cmr/m/n on input line 9.
LaTeX Font Info:    ... okay on input line 9.
LaTeX Font Info:    Checking defaults for T1/cmr/m/n on input line 9.
LaTeX Font Info:    ... okay on input line 9.
LaTeX Font Info:    Checking defaults for TS1/cmr/m/n on input line 9.
LaTeX Font Info:    ... okay on input line 9.
LaTeX Font Info:    Checking defaults for TU/lmr/m/n on input line 9.
LaTeX Font Info:    ... okay on input line 9.
LaTeX Font Info:    Checking defaults for OMX/cmex/m/n on input line 9.
LaTeX Font Info:    ... okay on input line 9.
LaTeX Font Info:    Checking defaults for U/cmr/m/n on input line 9.
LaTeX Font Info:    ... okay on input line 9.
*geometry* detected driver: pdftex
*geometry* verbose mode - [ preamble ] result:
* driver: pdftex
* paper: custom
* layout: <same size as paper>
* layoutoffset:(h,v)=(0.0pt,0.0pt)
* modes: 
* h-part:(L,W,R)=(130.08733pt, 607.06534pt, 130.08733pt)
* v-part:(T,H,B)=(104.06985pt, 607.06534pt, 156.1048pt)
* \paperwidth=867.23999pt
* \paperheight=867.23999pt
* \textwidth=607.06534pt
* \textheight=607.06534pt
* \oddsidemargin=57.81734pt
* \evensidemargin=57.81734pt
* \topmargin=-5.20013pt
* \headheight=12.0pt
* \headsep=25.0pt
* \topskip=12.0pt
* \footskip=30.0pt
* \marginparwidth=44.0pt
* \marginparsep=10.0pt
* \columnsep=10.0pt
* \skip\footins=10.8pt plus 4.0pt minus 2.0pt
* \hoffset=0.0pt
* \voffset=0.0pt
* \mag=1000
* \@twocolumnfalse
* \@twosidefalse
* \@mparswitchfalse
* \@reversemarginfalse
* (1in=72.27pt=25.4mm, 1cm=28.453pt)

LaTeX Font Info:    Overwriting math alphabet `\mathsf' in version `normal'
(Font)                  OT1/cmss/m/n --> TU/lmss/m/n on input line 9.
LaTeX Font Info:    Overwriting math alphabet `\mathsf' in version `bold'
(Font)                  OT1/cmss/bx/n --> TU/lmss/b/n on input line 9.
LaTeX Font Info:    Overwriting math alphabet `\mathtt' in version `normal'
(Font)                  OT1/cmtt/m/n --> TU/lmtt/m/n on input line 9.
LaTeX Font Info:    Overwriting math alphabet `\mathtt' in version `bold'
(Font)                  OT1/cmtt/m/n --> TU/lmtt/b/n on input line 9.
LaTeX Font Info:    Font shape `TU/TeXGyrePagellaMath(2)/m/n' will be
(Font)              scaled to size 12.00128pt on input line 10.
LaTeX Font Info:    Font shape `TU/TeXGyrePagellaMath(2)/m/n' will be
(Font)              scaled to size 8.88095pt on input line 10.
LaTeX Font Info:    Font shape `TU/TeXGyrePagellaMath(2)/m/n' will be
(Font)              scaled to size 6.60071pt on input line 10.
LaTeX Font Info:    Font shape `TU/TeXGyrePagellaMath(3)/m/n' will be
(Font)              scaled to size 11.99872pt on input line 10.
LaTeX Font Info:    Font shape `TU/TeXGyrePagellaMath(3)/m/n' will be
(Font)              scaled to size 8.87904pt on input line 10.
LaTeX Font Info:    Font shape `TU/TeXGyrePagellaMath(3)/m/n' will be
(Font)              scaled to size 6.59929pt on input line 10.
[1

]
(C:\Users\Mike\Documents\Git\released\bezierinfo-2\images\latex\source\0ee04e40
56391f945c1c21c1174a03b5.aux) ) 
Here is how much of TeX's memory you used:
 8347 strings out of 414218
 176123 string characters out of 2898483
 738285 words of memory out of 3000000
 25815 multiletter control sequences out of 15000+200000
 534373 words of font info for 55 fonts, out of 3000000 for 9000
 1348 hyphenation exceptions out of 8191
 53i,8n,112p,397b,257s stack positions out of 5000i,500n,10000p,200000b,50000s

Output written on C:\Users\Mike\Documents\Git\released\bezierinfo-2\images\late
x\source\0ee04e4056391f945c1c21c1174a03b5.pdf (1 page).
